[2025-08-04 13:01:18.389130] Успешно добавлен | Исполнитель: Dani J | Название: La Última Noche | ID: 33s8exfg4UyVbBtHtR3Y5s | Длительность: 242 сек
[2025-08-04 13:01:18.495376] Успешно добавлен | Исполнитель: Dani J, Korke y Judith | Название: Bachata Sensual | ID: 4rtebl0N4jOFWnYcU5YxnJ | Длительность: 217 сек
[2025-08-04 13:01:18.646780] Успешно добавлен | Исполнитель: Cosimo | Название: Un Nuevo Amor | ID: 4pfL3rlQOHXROyR6Cc0QhU | Длительность: 215 сек
[2025-08-04 13:01:18.756645] Успешно добавлен | Исполнитель: Dani J | Название: It's a Mans World | ID: 0Er4WijfNB5t0WznH8iYt9 | Длительность: 187 сек
[2025-08-04 13:01:18.881764] Успешно добавлен | Исполнитель: Dani J | Название: Confiésale | ID: 1cAEX5uhXif21h8oTvhlVx | Длительность: 226 сек
[2025-08-04 13:01:18.988736] Успешно добавлен | Исполнитель: Romeo Santos, Raulin Rodriguez | Название: La Demanda | ID: 3zVibdZHsVH05p5Crux6xX | Длительность: 234 сек
[2025-08-04 13:01:19.096426] Успешно добавлен | Исполнитель: Ephrem J | Название: No Hay Imposibles | ID: 4Es3nKnw53158Y8HiwZE6u | Длительность: 242 сек
[2025-08-04 13:01:19.202426] Успешно добавлен | Исполнитель: Jhonny Evidence | Название: Palomita Voladora | ID: 5hYHnuHupQ1PJPitD62SRB | Длительность: 234 сек
[2025-08-04 13:01:19.330765] Успешно добавлен | Исполнитель: Vinny Rivera, Dj Magic Flow, DerekVinci | Название: Plan - Bachata Version | ID: 316JVLaZwA600QhdXtmQ69 | Длительность: 193 сек
[2025-08-04 13:01:19.510562] Успешно добавлен | Исполнитель: Grupo Extra | Название: Lloras - Bolero Son | ID: 6CIJYKTZdlH83GhkMVVUYI | Длительность: 220 сек
[2025-08-04 13:01:19.615172] Успешно добавлен | Исполнитель: FOLA | Название: Feeling | ID: 5EMD7ozaMBD2GJCUHD5nVn | Длительность: 161 сек
[2025-08-04 13:01:19.744068] Успешно добавлен | Исполнитель: sP Polanco, Pinto Picasso | Название: Man Overboard | ID: 770vtt5Qkz9Y5g6glRDWnq | Длительность: 220 сек
[2025-08-04 13:01:19.873440] Успешно добавлен | Исполнитель: Aventura | Название: La Novelita | ID: 0UuMzFglgjKnYuAmkICf1P | Длительность: 244 сек
[2025-08-04 13:01:20.041312] Успешно добавлен | Исполнитель: Dani J | Название: Gitana | ID: 0yyKDrfEknsy7ECN3KMamX | Длительность: 269 сек
[2025-08-04 13:01:20.146435] Успешно добавлен | Исполнитель: Prince Royce, Marc Anthony | Название: Adicto (feat. Marc Anthony) | ID: 4Xqpt53kWML7eTObGxQ43i | Длительность: 209 сек
[2025-08-04 13:01:20.348809] Успешно добавлен | Исполнитель: Prince Royce, Gente De Zona, Arturo Sandoval | Название: Tumbao (feat. Gente de Zona & Arturo Sandoval) | ID: 0sFPuPPozGKMXZOU8q7GTp | Длительность: 220 сек
[2025-08-04 13:01:20.501433] Успешно добавлен | Исполнитель: Toby Love | Название: Lejos | ID: 3Ux53Gwh9txPtWaO7AXKZQ | Длительность: 229 сек
[2025-08-04 13:01:20.605535] Успешно добавлен | Исполнитель: Tony Dize | Название: Super Heroe | ID: 52ZY3ERXgTQJJxFb4QdnPx | Длительность: 181 сек
[2025-08-04 13:01:20.727723] Успешно добавлен | Исполнитель: RDJ Fizzy, Respect Dj Fizzy | Название: Amapiano Wave - DJ Mix | ID: 7mSocake2Ot0S0uAB8YMJm | Длительность: 300 сек
[2025-08-04 13:01:20.833835] Успешно добавлен | Исполнитель: Kewin Cosmos | Название: Solo Quise Quererte | ID: 1LVgUFUPg5M8uz6RGCovfp | Длительность: 217 сек
[2025-08-04 13:01:20.933974] Успешно добавлен | Исполнитель: Prince Royce | Название: Lotería | ID: 17Ey9p2LVX9BWaq51t56xU | Длительность: 216 сек
[2025-08-04 13:01:21.085740] Успешно добавлен | Исполнитель: Prince Royce | Название: Rechazame | ID: 07p0kLnvfQQ2bLujHyzSGK | Длительность: 223 сек
[2025-08-04 13:01:21.210697] Успешно добавлен | Исполнитель: J Salez | Название: Chill Bachata | ID: 7MUYNpjIz8iuBKEO9gQpgJ | Длительность: 183 сек
[2025-08-04 13:01:21.328111] Успешно добавлен | Исполнитель: Reik | Название: Háblame de Ti | ID: 7eLz11pl19OuQY3HfYJ3KI | Длительность: 192 сек
[2025-08-04 13:01:21.454266] Успешно добавлен | Исполнитель: Prince Royce | Название: El Amor Que Perdimos | ID: 06EgH8BdWW9QRrlI6ZVQhW | Длительность: 245 сек
[2025-08-04 13:01:21.595702] Успешно добавлен | Исполнитель: Romeo Santos | Название: Que Se Mueran | ID: 7FrPSk0rZdCPR50pfzdzMK | Длительность: 250 сек
[2025-08-04 13:01:21.714148] Успешно добавлен | Исполнитель: Kewin Cosmos | Название: Drama | ID: 0MDfBpL9oCf3XDCf5d1u7U | Длительность: 121 сек
[2025-08-04 13:01:21.819225] Успешно добавлен | Исполнитель: Roman, Mayinbito | Название: Miéntele | ID: 5PUEZhqusFl2Lt7ORKOvIh | Длительность: 231 сек
[2025-08-04 13:01:21.916126] Успешно добавлен | Исполнитель: Roman, Mayinbito | Название: Miéntele | ID: 5PUEZhqusFl2Lt7ORKOvIh | Длительность: 231 сек
[2025-08-04 13:01:22.057729] Успешно добавлен | Исполнитель: Pinto Picasso, sP Polanco | Название: El Viejo Oeste | ID: 67wZ8z6lY6IBJEx5P2lNh7 | Длительность: 216 сек
[2025-08-04 13:01:22.169160] Успешно добавлен | Исполнитель: Pinto Picasso | Название: Niveles | ID: 2AK3mvpXY4fiXzoqI6XAoh | Длительность: 204 сек
[2025-08-04 13:01:22.290585] Успешно добавлен | Исполнитель: PEHL | Название: ROSAPIANO | ID: 7n6lHF6ZRmrYDbnHMzlnSX | Длительность: 168 сек
[2025-08-04 13:01:22.388940] Успешно добавлен | Исполнитель: DJ ROKY | Название: desicion | ID: 2UT2wjRCqRnWufjeHBJsMj | Длительность: 87 сек
[2025-08-04 13:01:22.486972] Успешно добавлен | Исполнитель: Jiory | Название: Luna | ID: 01z75OElL8fKd5mCkAHJmM | Длительность: 231 сек
[2025-08-04 13:01:22.594189] Успешно добавлен | Исполнитель: jr | Название: Sin Casarme | ID: 33CwoVxi3R3fkglhVITq3s | Длительность: 224 сек
[2025-08-04 13:01:22.712385] Успешно добавлен | Исполнитель: Ephrem J | Название: Cuando Se Acaba El Placer | ID: 5hP5rHuiHHn6pAIs61N2XR | Длительность: 243 сек
[2025-08-04 13:01:22.825304] Успешно добавлен | Исполнитель: Romeo Santos | Название: Tuyo | ID: 3cZhoRYQFqJ8B9z0AN9gJB | Длительность: 218 сек
[2025-08-04 13:01:22.945725] Успешно добавлен | Исполнитель: Grupo Extra, El Tiguere | Название: Como Antes - Bachata Version | ID: 2twqvnaI9AqHK5E50DeYp0 | Длительность: 189 сек
[2025-08-04 13:01:23.045117] Успешно добавлен | Исполнитель: Mario Baro | Название: ¿Cómo Dormiste? | ID: 1OKypLPH0FZ2HtLeJqbgYq | Длительность: 175 сек
[2025-08-04 13:01:23.185179] Успешно добавлен | Исполнитель: J Salez, DerekVinci | Название: Mami | ID: 22igDPeQcf2LUCmeG6ryA7 | Длительность: 196 сек
[2025-08-04 13:01:23.322555] Успешно добавлен | Исполнитель: Raulin Rodriguez | Название: Margarita | ID: 6QwL6Z4bfjsuWgZJw6Gazp | Длительность: 207 сек
[2025-08-04 13:01:23.424629] Успешно добавлен | Исполнитель: sP Polanco, Bchta Rising, Felix | Название: Créeme | ID: 5MIfHj0VDbs9s1FgYYAiR3 | Длительность: 201 сек
[2025-08-04 13:01:23.533666] Успешно добавлен | Исполнитель: Dani J, Dj Dimen5ions, DJ Alejandro | Название: Ley de Gravedad | ID: 10XqQ5gWzehjxAhYxvwb5K | Длительность: 182 сек
[2025-08-04 13:01:23.636246] Успешно добавлен | Исполнитель: Spencer K, Matt Sassari, Worthy | Название: Isuly - Worthy Remix | ID: 5efYRGX42f1RAs7LRIrV1M | Длительность: 381 сек
[2025-08-04 13:01:23.761160] Успешно добавлен | Исполнитель: Joe Veras | Название: Se Te Nota | ID: 2QesqG94HS8ONoB8yr0vec | Длительность: 238 сек
[2025-08-04 13:01:23.902072] Успешно добавлен | Исполнитель: Dj Husky, Dimelo Cupido, SHAMA | Название: Insomnio | ID: 5uw9IynlkgQzy97dN3nY80 | Длительность: 183 сек
[2025-08-04 13:01:24.011642] Успешно добавлен | Исполнитель: Pinto Picasso, sP Polanco | Название: El Viejo Oeste | ID: 67wZ8z6lY6IBJEx5P2lNh7 | Длительность: 216 сек
[2025-08-04 13:01:24.112986] Успешно добавлен | Исполнитель: Pinto Picasso | Название: Vanidad | ID: 1QlJSCz5vDDsvbDovwcVlV | Длительность: 290 сек
[2025-08-04 13:01:24.226916] Успешно добавлен | Исполнитель: Marc Anthony | Название: Punta Cana | ID: 6tFXzOTZCTZ8t62NiLjC5z | Длительность: 185 сек
[2025-08-04 13:01:24.337415] Успешно добавлен | Исполнитель: jr | Название: Siempre | ID: 1wUdwKBCnnaABSfG3I1eBX | Длительность: 231 сек
[2025-08-04 13:01:24.521109] Успешно добавлен | Исполнитель: Dani J, DJ Tronky | Название: Piscina - Bachata Version | ID: 3NIDV7jdcRVdp8rfo21zRF | Длительность: 200 сек
[2025-08-04 13:01:24.627570] Успешно добавлен | Исполнитель: jr | Название: Mala Maña | ID: 2HDT1LC5ojwTnXRJ20BZNs | Длительность: 261 сек
[2025-08-04 13:01:24.793557] Успешно добавлен | Исполнитель: Marco Puma, Pinto Picasso | Название: Unico Grande Amore | ID: 4ZhkYvQ6MVn4cvoUIdIG6n | Длительность: 216 сек
[2025-08-04 13:01:24.906697] Успешно добавлен | Исполнитель: Romeo Santos | Название: 7 Días | ID: 3sTVMGhTdyyLM67WyYhYMB | Длительность: 253 сек
[2025-08-04 13:01:25.011180] Успешно добавлен | Исполнитель: Mayinbito, Jay Ramirez | Название: Confia | ID: 5mpODuZa6BInIa9G1INTx5 | Длительность: 232 сек
[2025-08-04 13:01:25.150793] Успешно добавлен | Исполнитель: Dj Piloto RD | Название: Besame Lento | ID: 5BXIPUNCQRBbSXHiQW34NU | Длительность: 239 сек
[2025-08-04 13:01:25.273185] Успешно добавлен | Исполнитель: sP Polanco, Bchta Rising, Melvin War | Название: El 23 | ID: 6ssrTdXBEWfkETAoGJT5HJ | Длительность: 205 сек
[2025-08-04 13:01:25.596090] Успешно добавлен | Исполнитель: Mr. Don | Название: Miedo | ID: 1w3FcQIzJxdy6uesidoscB | Длительность: 251 сек
[2025-08-04 13:01:25.710755] Успешно добавлен | Исполнитель: Tutto Durán | Название: San Juan | ID: 2hOAZiVkbGEr29WT2i4fk4 | Длительность: 170 сек
[2025-08-04 13:01:25.814746] Успешно добавлен | Исполнитель: sP Polanco, Bchta Rising, Mario Baro | Название: Anónimos | ID: 0BMOTwX93Sgu3lygVNigTc | Длительность: 168 сек
[2025-08-04 13:01:25.955004] Успешно добавлен | Исполнитель: Grupo Extra | Название: Bailemos | ID: 14sspPKCM3FeYPXR5TLJae | Длительность: 243 сек
[2025-08-04 13:01:26.059220] Успешно добавлен | Исполнитель: Karlos Rosé | Название: Brindo | ID: 1uUepQuvpZ7G7hqyY4i1f5 | Длительность: 209 сек
[2025-08-04 13:01:26.159607] Успешно добавлен | Исполнитель: Prince Royce, Maria Becerra | Название: Te Espero - feat. Maria Becerra | ID: 46GsFW8AFIvi8TUDlYRlXR | Длительность: 246 сек
[2025-08-04 13:01:26.279888] Успешно добавлен | Исполнитель: Kewin Cosmos, Dj York, DJ Manuel Citro | Название: Como Los 90's - Bachata Version | ID: 4Wdq5xDkAdbhW6A5RMYngC | Длительность: 187 сек
[2025-08-04 13:01:26.442502] Успешно добавлен | Исполнитель: Kewin Cosmos | Название: Solo Quise Quererte | ID: 1LVgUFUPg5M8uz6RGCovfp | Длительность: 217 сек
[2025-08-04 13:01:26.590887] Успешно добавлен | Исполнитель: Dani J, Kewin Cosmos | Название: Mentiras | ID: 1UWJApQZXIy3FAvP1Te82p | Длительность: 238 сек
[2025-08-04 13:01:26.695262] Успешно добавлен | Исполнитель: sP Polanco, Karlos Rosé | Название: Entre Los Dos | ID: 5xs3XLPMUICZgJwaBgChhg | Длительность: 240 сек
[2025-08-04 13:01:26.844507] Успешно добавлен | Исполнитель: Nandy Versátil | Название: La Chucky (Mi Mami Chula) | ID: 5a28TThWf1UnfujqmMnKBH | Длительность: 182 сек
[2025-08-04 13:01:26.955345] Успешно добавлен | Исполнитель: Mayinbito | Название: Crème De La Crème | ID: 33BUpxoqNBc0QsEDli1edw | Длительность: 207 сек
[2025-08-04 13:01:27.065738] Успешно добавлен | Исполнитель: Pinto Picasso, Mayinbito | Название: Vibras | ID: 05fQ1kWFQrvznV347eigNI | Длительность: 236 сек
[2025-08-04 13:01:27.181153] Успешно добавлен | Исполнитель: DJ Manuel Citro, Dimen5ions | Название: When We - Bachata Version | ID: 65eqPp7Mmsi5lR18lz7tIq | Длительность: 215 сек
[2025-08-04 13:01:27.282542] Успешно добавлен | Исполнитель: SONCE, Mayinbito | Название: En Los Pasillos | ID: 4rDkBp1c8PCluCvOKcUVRh | Длительность: 212 сек
[2025-08-04 13:01:27.385900] Успешно добавлен | Исполнитель: sP Polanco, Bchta Rising, Dama | Название: Te Amo En Silencio | ID: 5x3ctKl18QCvxA99FTCUKe | Длительность: 162 сек
[2025-08-04 13:01:27.520238] Успешно добавлен | Исполнитель: 24 Horas | Название: Nunca Me Amaste | ID: 1KtO6DL7deH6TEIyhNZsxR | Длительность: 220 сек
[2025-08-04 13:01:27.622780] Успешно добавлен | Исполнитель: 24 Horas | Название: Por Favor | ID: 5HuejGXmXKLNUXRqHHSDjO | Длительность: 223 сек
[2025-08-04 13:01:27.745310] Успешно добавлен | Исполнитель: Dani J | Название: Me Derrumbo | ID: 4jY7YfO3Ryg1qCjcnOlWLu | Длительность: 236 сек
[2025-08-04 13:01:27.836670] Успешно добавлен | Исполнитель: Dani J | Название: Todo de Mi | ID: 2sPH84oiBoOaddn9hQsbwS | Длительность: 221 сек
[2025-08-04 13:01:27.936757] Успешно добавлен | Исполнитель: Grupo Extra | Название: Olvidarte | ID: 6FjW1cPUFpSuMhtLDJE4pY | Длительность: 283 сек
[2025-08-04 13:01:28.033321] Успешно добавлен | Исполнитель: Joel Santos | Название: Al Diablo | ID: 0SYVhV7YtLsTBZqIcCJVJG | Длительность: 236 сек
[2025-08-04 13:01:28.129480] Успешно добавлен | Исполнитель: jr | Название: Fabricacion | ID: 3Z7XUcO5HWOTK471KEPSfr | Длительность: 193 сек
[2025-08-04 13:01:28.229808] Успешно добавлен | Исполнитель: jr | Название: X Amada | ID: 42r7HategtHJqTpqw7qN2P | Длительность: 285 сек
[2025-08-04 13:01:28.350050] Успешно добавлен | Исполнитель: Karlos Rosé | Название: Just The Way You Are | ID: 092dql4r3UneFFkgDGZMz9 | Длительность: 220 сек
[2025-08-04 13:01:28.454640] Успешно добавлен | Исполнитель: Kewin Cosmos | Название: Evidencias | ID: 2llpV4qoCYarut5kSQZ6nG | Длительность: 201 сек
[2025-08-04 13:01:28.573564] Успешно добавлен | Исполнитель: Mr. Don | Название: Bienvenido a Cupido | ID: 5N9KAOmDBhxqLAVRj6IwTU | Длительность: 212 сек
[2025-08-04 13:01:28.696856] Успешно добавлен | Исполнитель: Prince Royce | Название: Te Necesito | ID: 0w3tfFeIEciVlOyxWQMR9G | Длительность: 247 сек
[2025-08-04 13:01:28.802624] Успешно добавлен | Исполнитель: Prince Royce | Название: Si Supieras | ID: 2XDa7vfcZnxbSVtwDm0AKK | Длительность: 238 сек
[2025-08-04 13:01:28.905004] Успешно добавлен | Исполнитель: Raulin Rodriguez | Название: Esta Noche | ID: 5aKtF99Easewgyk5JDuJAd | Длительность: 282 сек
[2025-08-04 13:01:29.024671] Успешно добавлен | Исполнитель: Romeo Santos, Ozuna | Название: Sobredosis (feat. Ozuna) | ID: 1WbXIpiGBJkCiv3hn40iPB | Длительность: 198 сек
[2025-08-04 13:01:29.145414] Успешно добавлен | Исполнитель: DJ RICHY MAN | Название: en la playa | ID: 3JjdMHHADHXPx9d6IzjAyd | Длительность: 118 сек
[2025-08-04 13:01:29.284636] Успешно добавлен | Исполнитель: NATTI NATASHA, Romeo Santos | Название: La Mejor Versión de Mi - Remix | ID: 2dy3TKVDEbIeWxeIb8JWqZ | Длительность: 229 сек
[2025-08-04 13:01:29.383705] Успешно добавлен | Исполнитель: Romeo Santos | Название: 7 Días | ID: 3sTVMGhTdyyLM67WyYhYMB | Длительность: 253 сек
[2025-08-04 13:01:29.479909] Успешно добавлен | Исполнитель: Romeo Santos, El Chaval de la Bachata | Название: Canalla | ID: 4XEXrp37kZXpQTB2r5vWbS | Длительность: 225 сек
[2025-08-04 13:01:29.589663] Успешно добавлен | Исполнитель: Toby Love | Название: Lejos | ID: 3Ux53Gwh9txPtWaO7AXKZQ | Длительность: 229 сек
[2025-08-04 13:01:29.690527] Успешно добавлен | Исполнитель: Tony Dize | Название: Super Heroe | ID: 52ZY3ERXgTQJJxFb4QdnPx | Длительность: 181 сек
[2025-08-04 13:01:29.789711] Успешно добавлен | Исполнитель: Tutto Durán | Название: Santa de Mi Devoción | ID: 2ZYeq8g3JnkoxV4F5VFCq2 | Длительность: 182 сек
[2025-08-04 13:01:29.968902] Успешно добавлен | Исполнитель: J Balvin, Lenny Tavárez, Justin Quiles | Название: Zun Zun | ID: 7uQ3MlGpYURF2ED8E5xFIa | Длительность: 196 сек
[2025-08-04 13:01:30.074207] Успешно добавлен | Исполнитель: Wilven Bello, Max Agende, Lenmelody | Название: Ultima Botella | ID: 24ifSHF1A6bIiFB6LB47gz | Длительность: 262 сек
[2025-08-04 13:01:30.180040] Успешно добавлен | Исполнитель: Dani J, Dj Husky | Название: Negro Mate | ID: 2qETZkkpILShyXPIp1MaKn | Длительность: 190 сек
[2025-08-04 13:01:30.282168] Успешно добавлен | Исполнитель: Mr. Don, DerekVinci | Название: Mariposas | ID: 1vNR2F2fCS6KRidsZ0rOqS | Длительность: 204 сек
[2025-08-04 13:01:30.379410] Успешно добавлен | Исполнитель: Pinto Picasso, DJ Nico | Название: Calentura | ID: 5iufhaKI3OSxCDj86dJGK5 | Длительность: 174 сек
[2025-08-04 13:01:30.751067] Успешно добавлен | Исполнитель: Prince Royce | Название: Solita | ID: 7f7hBMVpdt2KGVOMHCGQnl | Длительность: 251 сек
[2025-08-04 13:01:30.879313] Успешно добавлен | Исполнитель: Pinto Picasso, sP Polanco | Название: Ahí Va | ID: 1XKupzelhbCYufpzLlRqd5 | Длительность: 203 сек
[2025-08-04 13:01:31.032200] Успешно добавлен | Исполнитель: Charlie Puth | Название: River | ID: 3ZAbzT3EIBAM4pDB6pD8V6 | Длительность: 191 сек
[2025-08-04 13:01:31.135169] Успешно добавлен | Исполнитель: Romeo Santos | Название: Bebo | ID: 7HsebNHZDGj8UhWIrZaMx6 | Длительность: 235 сек
[2025-08-04 13:01:31.244648] Успешно добавлен | Исполнитель: Ronny Dae | Название: Lo Que Diga la Gente | ID: 09yh5nB3GrnH6QUV9JRmTv | Длительность: 196 сек
[2025-08-04 13:01:31.382004] Успешно добавлен | Исполнитель: Mickey Then, jr | Название: Por Que Te Niegas | ID: 1DAwpBU2JANIwrT5xT6K3U | Длительность: 223 сек
[2025-08-04 13:01:31.498574] Успешно добавлен | Исполнитель: Dani J | Название: 7 Pecados | ID: 6xl0OFFGmvDd0MnmOT4zuj | Длительность: 204 сек
[2025-08-04 13:01:31.597388] Успешно добавлен | Исполнитель: Mayinbito | Название: Vida | ID: 6M7viJy5pZwpNSIw6YBPpk | Длительность: 201 сек
[2025-08-04 13:01:31.721874] Успешно добавлен | Исполнитель: Prince Royce | Название: No Te Vayas | ID: 4kSKSQzD2LlAnufH41Itsn | Длительность: 213 сек
[2025-08-04 13:01:31.826178] Успешно добавлен | Исполнитель: Mario Baro, Jensen | Название: Neptuno | ID: 1suWqwweW4PM75COYDhMOp | Длительность: 220 сек
[2025-08-04 13:01:31.960309] Успешно добавлен | Исполнитель: Dani J | Название: Seven | ID: 61rOoTVO1lims4x5N3y65F | Длительность: 182 сек
[2025-08-04 13:01:32.102476] Успешно добавлен | Исполнитель: Kiko Rodriguez | Название: Recuerdo Tus Ojos - Remasterizado | ID: 3Hy41SeDwL2qXqBzzvjlnJ | Длительность: 321 сек
[2025-08-04 13:01:32.228396] Успешно добавлен | Исполнитель: Pinto Picasso | Название: Feeling Something | ID: 08xwzdi5VJ3jnTx0Z2kyUR | Длительность: 191 сек
[2025-08-04 13:01:32.335500] Успешно добавлен | Исполнитель: Loukas | Название: Olvidate | ID: 6NNefyOry8y8v4rDhOtCIu | Длительность: 192 сек
[2025-08-04 13:01:32.449870] Успешно добавлен | Исполнитель: Mayinbito | Название: Cerremos Ese Capítulo | ID: 4ztBYIuncBxGARmctAWZXS | Длительность: 185 сек
[2025-08-04 13:01:32.556574] Успешно добавлен | Исполнитель: Pinto Picasso | Название: Que Pena | ID: 5hBx4OMn1KNIW2T0NiTaB3 | Длительность: 203 сек
[2025-08-04 13:01:32.698892] Успешно добавлен | Исполнитель: Romeo Santos | Название: Amigo | ID: 4n82bvvKnaCSbM0pXWbR1S | Длительность: 231 сек
[2025-08-04 13:01:32.811083] Успешно добавлен | Исполнитель: Grupo Frontera, Romeo Santos | Название: ÁNGEL | ID: 4JtKlgBLKHtRTqixKHrrw8 | Длительность: 184 сек
[2025-08-04 13:01:32.940344] Успешно добавлен | Исполнитель: Sebas Garreta, Dj Dave Aguilar | Название: Se Fue - Bachata Version | ID: 2cIuu9cdqRpwweurglBS8h | Длительность: 206 сек
[2025-08-04 13:01:33.047635] Успешно добавлен | Исполнитель: Karlos Rosé | Название: No Dejo De Amarte | ID: 6acJjbGSWmtY8BMiv0dCYO | Длительность: 250 сек
[2025-08-04 13:01:33.191553] Успешно добавлен | Исполнитель: Esme, Karlos Rosé | Название: Doble Vida | ID: 4ZZ3jgO4Clf95zH1KKBuJH | Длительность: 226 сек
[2025-08-04 13:01:33.292534] Успешно добавлен | Исполнитель: jr | Название: Siempre | ID: 1wUdwKBCnnaABSfG3I1eBX | Длительность: 231 сек
[2025-08-04 13:01:33.401871] Успешно добавлен | Исполнитель: Romeo Santos, Joe Veras | Название: Amor Enterrado | ID: 3cdTfwai1PtCGOd9DIBMNU | Длительность: 240 сек
[2025-08-04 13:01:33.528247] Успешно добавлен | Исполнитель: Kewin Cosmos | Название: No Hay Vato Perfecto | ID: 2pGnZ9GNmce4t8qktidT04 | Длительность: 206 сек
[2025-08-04 13:01:33.702586] Успешно добавлен | Исполнитель: Esme | Название: Maestria En Bachatera | ID: 3NLEXaquYbz4Df7MBBqggu | Длительность: 141 сек
[2025-08-04 13:01:33.846868] Успешно добавлен | Исполнитель: Dani J, Kewin Cosmos | Название: Rosas | ID: 2yq6e0pGifPyTtkG6K7rNV | Длительность: 238 сек
[2025-08-04 13:01:33.956441] Успешно добавлен | Исполнитель: Jalil Lopez | Название: La Culpable | ID: 7L6xzpdRR1fbMd3tMUqGlr | Длительность: 165 сек
[2025-08-04 13:01:34.095420] Успешно добавлен | Исполнитель: Akai Rojas | Название: Esperaré | ID: 4BZtsNRCKInmr0ju8JZDHX | Длительность: 204 сек
[2025-08-04 13:01:34.218605] Успешно добавлен | Исполнитель: DJ Nico, Jiory | Название: El Efecto | ID: 0cb75nzfwuIAmnAYh1HOWo | Длительность: 231 сек
[2025-08-04 13:01:34.322846] Успешно добавлен | Исполнитель: Ari Xo | Название: Genio Atrapado | ID: 5w7amL6zwVbZjPV4FKjoJf | Длительность: 163 сек
[2025-08-04 13:01:34.435793] Успешно добавлен | Исполнитель: trabbey | Название: ANGEL | ID: 3js1QHFb2CVsY7sWNnHlh4 | Длительность: 213 сек
[2025-08-04 13:01:34.565984] Успешно добавлен | Исполнитель: Tutto Durán | Название: Labios Rojos (Bachata) | ID: 5tHwgVQ3GOcuCxlQAq0T6V | Длительность: 167 сек
[2025-08-04 13:01:34.712080] Успешно добавлен | Исполнитель: Pinto Picasso, sP Polanco | Название: Vicio | ID: 4KW6PQ6MTxFMptT7RStKXF | Длительность: 203 сек
[2025-08-04 13:01:34.850250] Успешно добавлен | Исполнитель: Esme | Название: Bailamos | ID: 2BiPSGhMc3TLZjfcIxVIvc | Длительность: 174 сек
[2025-08-04 13:01:34.999999] Успешно добавлен | Исполнитель: Jiory | Название: Mi Historia Entre Tus Dedos | ID: 3J3eG9CJZANlDT8HLmqiUd | Длительность: 228 сек
[2025-08-04 13:01:35.092707] Успешно добавлен | Исполнитель: Dj Husky, Dimelo Cupido, Charles Luis | Название: Adrenalina | ID: 2t5oTnYwmne6h22qvqzYbW | Длительность: 182 сек
[2025-08-04 13:01:35.253169] Успешно добавлен | Исполнитель: Roman, BL Araya | Название: Mi Refe - Bachata Version | ID: 31D0n35BDhLw0DwQJx8xrG | Длительность: 175 сек
[2025-08-04 13:01:35.353601] Успешно добавлен | Исполнитель: sP Polanco, Bchta Rising, Super Joell | Название: Proceso | ID: 3WutQ4NKRYFkXIATTKoAcE | Длительность: 219 сек
[2025-08-04 13:01:35.514510] Успешно добавлен | Исполнитель: Mayinbito | Название: Crème De La Crème | ID: 33BUpxoqNBc0QsEDli1edw | Длительность: 207 сек
[2025-08-04 13:01:35.684925] Успешно добавлен | Исполнитель: Dj Husky, Dimelo Cupido, Charles Luis, Dj Pablo G | Название: DRAMA | ID: 7vXAvfxBfgCseb1HuIK9es | Длительность: 200 сек
[2025-08-04 13:01:35.928018] Успешно добавлен | Исполнитель: Dani J, Marco Puma | Название: Buenas Noches Mi Amor | ID: 2R1ibHiJD4dDbzzVBWdIu1 | Длительность: 211 сек
[2025-08-04 13:01:36.047352] Успешно добавлен | Исполнитель: sP Polanco, Bchta Rising, Jean & Alex | Название: Luna De Crucero | ID: 2AA2Ci9lBHw4hCDs0LOfzG | Длительность: 153 сек
[2025-08-04 13:01:36.171990] Успешно добавлен | Исполнитель: sP Polanco, Bchta Rising, Sebas Garreta | Название: Me Preguntaron Por Ti | ID: 4iOqYbZU2eQfK7TW7NbV69 | Длительность: 177 сек
[2025-08-04 13:01:36.291725] Успешно добавлен | Исполнитель: Sebas Garreta, Pinto Picasso | Название: Dilema | ID: 6Uod9JcYXQQZqCXNEuvDQz | Длительность: 192 сек
[2025-08-04 13:01:36.392556] Успешно добавлен | Исполнитель: Chris Paradise | Название: Bacana Bacana | ID: 1KIhp4M5fiEa4VEKQn4sJ2 | Длительность: 197 сек
[2025-08-04 13:01:36.495563] Успешно добавлен | Исполнитель: Toby Love, Bachata Heightz, Kewin Cosmos | Название: Reflejo | ID: 54zDpwf0mqx9VQRn91SLX6 | Длительность: 253 сек
[2025-08-04 13:01:36.640122] Успешно добавлен | Исполнитель: Kewin Cosmos, Jay Ramirez | Название: Elige | ID: 0mL1glycqAWzyMiImp4xSb | Длительность: 226 сек
[2025-08-04 13:01:36.765733] Успешно добавлен | Исполнитель: Mario Baro, Pinto Picasso | Название: Cosmos | ID: 03H6SgfvpSiliZarognOd9 | Длительность: 162 сек
[2025-08-04 13:01:36.869730] Успешно добавлен | Исполнитель: jr | Название: Sentir | ID: 16jBU5R8pZdi0r8kPYXYH3 | Длительность: 282 сек
[2025-08-04 13:01:37.043227] Успешно добавлен | Исполнитель: DJ Tony Pecino, Roman | Название: La Reina - Bachata Version | ID: 7iHNxWPtXBjtHFeGjAI5Mu | Длительность: 162 сек
[2025-08-04 13:01:37.149844] Успешно добавлен | Исполнитель: Dani J, Kewin Cosmos | Название: Rosas | ID: 2yq6e0pGifPyTtkG6K7rNV | Длительность: 238 сек
[2025-08-04 13:01:37.246537] Успешно добавлен | Исполнитель: Henry Santos, Luis Vargas | Название: Una Mentirita | ID: 6ut8ePIEbWycmzEHXWU06p | Длительность: 217 сек
[2025-08-04 13:01:37.348452] Успешно добавлен | Исполнитель: Kewin Cosmos | Название: Dile | ID: 5YaTs3P7JgHnM0UFKMWNnh | Длительность: 196 сек
[2025-08-04 13:01:37.450656] Успешно добавлен | Исполнитель: DJ Tronky, Marco Puma | Название: Caramelo - Bachata Version | ID: 1M2hh7wagrapCzP2nEoVpX | Длительность: 176 сек
[2025-08-04 13:01:37.577948] Успешно добавлен | Исполнитель: Pinto Picasso, Dani J | Название: Millonario | ID: 13zE3PfI1w2hmeg5EBGIuR | Длительность: 247 сек
[2025-08-04 13:01:37.705088] Успешно добавлен | Исполнитель: Pinto Picasso | Название: Niveles | ID: 2AK3mvpXY4fiXzoqI6XAoh | Длительность: 204 сек
[2025-08-04 13:01:37.840258] Успешно добавлен | Исполнитель: sP Polanco, BCHTA RISING, Pinto Picasso | Название: No Me Toca | ID: 1wJlKSQkL3NnrSyoGYsdcY | Длительность: 204 сек
[2025-08-04 13:01:37.948526] Успешно добавлен | Исполнитель: Dani J, Pinto Picasso | Название: Entre La Espada Y La Pared | ID: 2cHZV6OPj0BeWRNaTlnFZJ | Длительность: 225 сек
[2025-08-04 13:01:38.076767] Успешно добавлен | Исполнитель: Fela Kuti | Название: Expensive Shit | ID: 0sGVPD9nqrwUipu6pQmx4c | Длительность: 793 сек
[2025-08-04 13:01:38.176247] Успешно добавлен | Исполнитель: Marco Puma, Jensen, sP Polanco | Название: Casualidades | ID: 3nxmokSsmbIck0oOsOb1dq | Длительность: 228 сек
[2025-08-04 13:01:38.272586] Успешно добавлен | Исполнитель: Pinto Picasso, Sebas Garreta | Название: Acéptalo | ID: 4pS1Tk1jAmz1WdBAFXzPEw | Длительность: 209 сек
[2025-08-04 13:01:38.380001] Успешно добавлен | Исполнитель: Sebas Garreta, Dj Dave Aguilar | Название: Tu Silueta - Bachata Version | ID: 1znOvmRULbBUgUMs1ZuvWl | Длительность: 180 сек
[2025-08-04 13:01:38.480518] Успешно добавлен | Исполнитель: Jensen | Название: Perder El Tiempo | ID: 4XNUTlmlUvlVGe2nRxuOsR | Длительность: 192 сек
[2025-08-04 13:01:38.581698] Успешно добавлен | Исполнитель: Esme | Название: El Vestido | ID: 6H52cfmNTVkTobvwRupibg | Длительность: 216 сек
[2025-08-04 13:01:38.704857] Успешно добавлен | Исполнитель: DJ Manuel Citro, Marco Puma | Название: Ella - Bachata Version | ID: 11rt9sO5WH98DOGqa9UeFh | Длительность: 188 сек
[2025-08-04 13:01:38.804677] Успешно добавлен | Исполнитель: sP Polanco, Mario Baro | Название: Anónimos | ID: 6X1E6iLTcoiGjBTYXq3Zck | Длительность: 168 сек
[2025-08-04 13:01:38.936507] Успешно добавлен | Исполнитель: sP Polanco, BCHTA RISING, Pinto Picasso | Название: No Me Toca | ID: 1wJlKSQkL3NnrSyoGYsdcY | Длительность: 204 сек
[2025-08-04 13:01:39.069679] Успешно добавлен | Исполнитель: sP Polanco, Bchta Rising, Super Joell | Название: Proceso | ID: 3WutQ4NKRYFkXIATTKoAcE | Длительность: 219 сек
[2025-08-04 13:01:39.180557] Успешно добавлен | Исполнитель: sP Polanco, Bchta Rising, Dama | Название: Te Amo En Silencio | ID: 5x3ctKl18QCvxA99FTCUKe | Длительность: 162 сек
[2025-08-04 13:01:39.277681] Успешно добавлен | Исполнитель: Dani J, Dj Dimen5ions, DJ Alejandro | Название: Ley de Gravedad | ID: 10XqQ5gWzehjxAhYxvwb5K | Длительность: 182 сек
[2025-08-04 13:01:39.368417] Успешно добавлен | Исполнитель: Dani J | Название: Entre Tú y Mil Mares | ID: 7gCrVvi4NBDuIfBoH4f0xl | Длительность: 217 сек
[2025-08-04 13:01:39.479213] Успешно добавлен | Исполнитель: JFab & Paola Fabre, Voz A Voz, Ronny Mercedes | Название: Criminal - Bachata Version | ID: 3FPubXxXbroQXQIEEDOPJp | Длительность: 205 сек
[2025-08-04 13:01:39.581819] Успешно добавлен | Исполнитель: JFab & Paola Fabre | Название: Lo Peor | ID: 5WYGbDurvOb7O5qleYM8s4 | Длительность: 225 сек
[2025-08-04 13:01:39.681499] Успешно добавлен | Исполнитель: Kewin Cosmos | Название: Déjame Tenerte | ID: 6F8MwwAUKTaTDPQa16NZJc | Длительность: 193 сек
[2025-08-04 13:01:39.799899] Успешно добавлен | Исполнитель: Akai Rojas, DJ Tony Pecino | Название: El Corazón Duele | ID: 1i5ahi3d28qnWHC209wU3b | Длительность: 181 сек
[2025-08-04 13:01:39.895799] Успешно добавлен | Исполнитель: Alejandra Feliz, Jay Ramirez | Название: Seis Nueve | ID: 0Ttz7YCKHLpI7ifnqc1VzG | Длительность: 203 сек
[2025-08-04 13:01:39.989633] Успешно добавлен | Исполнитель: Aventura | Название: Su Veneno | ID: 709hAukJxapqTU9VhsiQm0 | Длительность: 240 сек
[2025-08-04 13:01:40.110685] Успешно добавлен | Исполнитель: Break Out The Crazy, Mayinbito | Название: Notas - Versión Bachata Remix | ID: 15PkDjbLHEFDwkuxMtlMGx | Длительность: 187 сек
[2025-08-04 13:01:40.207063] Успешно добавлен | Исполнитель: DJ Clau, Magali Fernandez | Название: Miénteme - Bachata Version | ID: 17pKnWWb6rs8A7qklwLnKe | Длительность: 188 сек
[2025-08-04 13:01:40.308203] Успешно добавлен | Исполнитель: JFab & Paola Fabre | Название: Dame Un Chance | ID: 66Rxl4HLCX6oenNCNkgGDk | Длительность: 207 сек
[2025-08-04 13:01:40.475132] Успешно добавлен | Исполнитель: jr | Название: Amarte Sin Amarte | ID: 6XpyROhQtyJh1Sd62mHnbY | Длительность: 206 сек
[2025-08-04 13:01:40.626790] Успешно добавлен | Исполнитель: Jhonny Evidence, DerekVinci | Название: La Pastilla | ID: 13H87L0JOgOjcXwA5prMGy | Длительность: 242 сек
[2025-08-04 13:01:40.730030] Успешно добавлен | Исполнитель: Wilven Bello, Max Agende, Lenmelody | Название: Ultima Botella | ID: 24ifSHF1A6bIiFB6LB47gz | Длительность: 262 сек
[2025-08-04 13:01:40.859802] Успешно добавлен | Исполнитель: Yoskar Sarante | Название: La Noche (La Notte) | ID: 1woNBYgY4IComLtG2poiAX | Длительность: 226 сек
[2025-08-04 13:01:41.010965] Успешно добавлен | Исполнитель: Prince Royce | Название: Me EnRD | ID: 3GkctxmZmeGmW4K5Oya0Z1 | Длительность: 185 сек
[2025-08-04 13:01:41.114507] Успешно добавлен | Исполнитель: Kiko Rodriguez | Название: Hoy Te VI Pasar | ID: 4Z5KC5Oai5rYP0tXWKRUZr | Длительность: 254 сек
[2025-08-04 13:01:41.223786] Успешно добавлен | Исполнитель: Dani J | Название: Favorito | ID: 3bgxCgwBNAsjl81QqsZSEW | Длительность: 179 сек
[2025-08-04 13:01:41.330824] Успешно добавлен | Исполнитель: Jhey inus la punta de oro | Название: Sentir | ID: 1QVP3rWs6xaZVkyetiF2OR | Длительность: 135 сек
[2025-08-04 13:01:41.431812] Успешно добавлен | Исполнитель: Frank Reyes | Название: Tu Eres Ajena | ID: 1QXaaixqxUVFswVefLBs15 | Длительность: 241 сек
[2025-08-04 13:01:41.559320] Успешно добавлен | Исполнитель: Jhonny Evidence, Marco Puma | Название: Desnuda | ID: 5PVIX3YNy8K4JCEJ5vHumg | Длительность: 259 сек
[2025-08-04 13:01:41.699064] Успешно добавлен | Исполнитель: jr | Название: Otro Te Besa | ID: 0SA1E6PTFBYfPMF8IwqHLU | Длительность: 197 сек
[2025-08-04 13:01:41.794961] Успешно добавлен | Исполнитель: El Gualdia | Название: Tinga | ID: 1b63EhHqcChjEKRrIQ56df | Длительность: 188 сек
[2025-08-04 13:01:41.931700] Успешно добавлен | Исполнитель: DJ Khalid, Dani J | Название: Pedacitos de Ti | ID: 2K4EKQRJwwJ0UBgiLGfypk | Длительность: 222 сек
[2025-08-04 13:01:42.045919] Успешно добавлен | Исполнитель: Grupo Extra | Название: Me Emborracharè | ID: 6Dz1e7dioURyYCP26FGLF6 | Длительность: 239 сек
[2025-08-04 13:01:42.155910] Успешно добавлен | Исполнитель: Naughtybeatz | Название: Tikita | ID: 5wph2oJuJhaGXWMPUxkBqB | Длительность: 75 сек
[2025-08-04 13:01:42.291466] Успешно добавлен | Исполнитель: Grupo Extra | Название: Me Emborracharè | ID: 6Dz1e7dioURyYCP26FGLF6 | Длительность: 239 сек
[2025-08-04 13:01:42.436950] Успешно добавлен | Исполнитель: Charlie Puth | Название: Attention | ID: 5cF0dROlMOK5uNZtivgu50 | Длительность: 208 сек
[2025-08-04 13:01:42.548424] Успешно добавлен | Исполнитель: jr | Название: Tesoro | ID: 0AF1OUMarjBewaOwXNChUG | Длительность: 281 сек
[2025-08-04 13:01:42.644572] Успешно добавлен | Исполнитель: sP Polanco, Ralphy Dreamz | Название: Energía | ID: 6nw3mU7xq2uyTzB7mBUdCN | Длительность: 220 сек
[2025-08-04 13:01:42.758226] Успешно добавлен | Исполнитель: Nati Hen, DJ Alejandro | Название: Cuando te bese | ID: 0mW7avaB7NiCiVAJZRJ3Lg | Длительность: 206 сек
[2025-08-04 13:01:43.063640] Успешно добавлен | Исполнитель: Osmani Garcia "La Voz", Nayer | Название: Cada Vez Que Despiertes | ID: 6K9ilD36vKw6e4hZtwvkwC | Длительность: 202 сек
[2025-08-04 13:01:43.201520] Успешно добавлен | Исполнитель: Romeo Santos, Frank Reyes | Название: Payasos | ID: 1soECbw2IFdWt5W8Rb4uG7 | Длительность: 203 сек
[2025-08-04 13:01:43.333118] Успешно добавлен | Исполнитель: Chris Paradise, DJ Manuel Citro | Название: Mami | ID: 6DvSkWgHZLWCo57ShKw8LB | Длительность: 184 сек
[2025-08-04 13:01:43.424576] Успешно добавлен | Исполнитель: DJ Khaled, Cardi B, 21 Savage | Название: Wish Wish (feat. Cardi B & 21 Savage) | ID: 1Hd2XLitkt1PYCWSbfF5qV | Длительность: 202 сек
[2025-08-04 13:01:43.545386] Успешно добавлен | Исполнитель: Dani J, Sanco | Название: Hasta Cuándo | ID: 2L5UvyQCFUEm4Qad6Z82xI | Длительность: 217 сек
[2025-08-04 13:01:43.706947] Успешно добавлен | Исполнитель: Prince Royce | Название: La Carretera | ID: 2yvjjJrWzVzA2zg4VsoEmo | Длительность: 238 сек
[2025-08-04 13:01:43.825785] Успешно добавлен | Исполнитель: Circharles | Название: Te Vas | ID: 22RH51kjgasqnk9b0Zl74r | Длительность: 187 сек
[2025-08-04 13:01:43.930372] Успешно добавлен | Исполнитель: Dj Amacoz | Название: Mara Feeling | ID: 1Zbr7EUdVaAJrZwv6xSzTq | Длительность: 292 сек
[2025-08-04 13:01:44.035398] Успешно добавлен | Исполнитель: Manny Rod | Название: Que Va | ID: 2id88oUnOnxmHuqDTC0gf0 | Длительность: 219 сек
[2025-08-04 13:01:44.183637] Успешно добавлен | Исполнитель: Rey John | Название: Por Un Poco De Tu Amor | ID: 7CNEMZwOSylcFooZIXwsCG | Длительность: 234 сек
[2025-08-04 13:01:44.284612] Успешно добавлен | Исполнитель: K'NAAN | Название: Wavin' Flag - Coca-Cola® Celebration Mix | ID: 4nOygULhEuDO5ZBRNPFaso | Длительность: 212 сек
