2025-08-04 12:58:03,595 - __main__ - INFO - Успешная аутентификация в Spotify
2025-08-04 12:58:56,129 - __main__ - INFO - Выбран файл: /Users/anatoliivolotovskii/Downloads/Треки111.html
2025-08-04 12:59:01,118 - __main__ - INFO - 🔍 Извлечение треков из файла...
2025-08-04 12:59:01,209 - __main__ - INFO - 
🔍 Найдено 211 треков. Предпросмотр:
2025-08-04 12:59:01,217 - __main__ - INFO -   1. Dani J - La Ultima Noche Bachata 2018
2025-08-04 12:59:01,228 - __main__ - INFO -   2. Dani J feat. Korke y Judith - Bachata Sensual
2025-08-04 12:59:01,249 - __main__ - INFO -   3. Cosimo - Un Nuevo Amor
2025-08-04 12:59:01,261 - __main__ - INFO -   4. Dani J - It's a Mans World
2025-08-04 12:59:01,269 - __main__ - INFO -   5. Dani J - Confiésale
2025-08-04 12:59:01,285 - __main__ - INFO -   6. Romeo Santos, Raulin Rodriguez - La Demanda
2025-08-04 12:59:01,293 - __main__ - INFO -   7. Ephrem J - No hay Imposibles Bachata от Артемия
2025-08-04 12:59:01,301 - __main__ - INFO -   8. Dj Khalid, Jhonny Evidence - Palomita Voladora Bachata
2025-08-04 12:59:01,310 - __main__ - INFO -   9. VINNY RIVERA feat. DJ TONY PECINO - RUMBA Bachata Version
2025-08-04 12:59:01,318 - __main__ - INFO -   10. Grupo Extra - Lloras
2025-08-04 12:59:04,227 - __main__ - INFO - 
🔍 Поиск треков в Spotify...
2025-08-04 12:59:05,091 - __main__ - INFO -   1/211: ✅ Найден - Dani J - La Ultima Noche Bachata 2018 (Частичное совпадение)
2025-08-04 12:59:05,707 - __main__ - INFO -   2/211: ✅ Найден - Dani J feat. Korke y Judith - Bachata Sensual (Точное совпадение)
2025-08-04 12:59:06,408 - __main__ - INFO -   3/211: ✅ Найден - Cosimo - Un Nuevo Amor (Точное совпадение)
2025-08-04 12:59:06,953 - __main__ - INFO -   4/211: ✅ Найден - Dani J - It's a Mans World (Точное совпадение)
2025-08-04 12:59:07,469 - __main__ - INFO -   5/211: ✅ Найден - Dani J - Confiésale (Точное совпадение)
2025-08-04 12:59:07,995 - __main__ - INFO -   6/211: ✅ Найден - Romeo Santos, Raulin Rodriguez - La Demanda (Точное совпадение)
2025-08-04 12:59:08,544 - __main__ - INFO -   7/211: ✅ Найден - Ephrem J - No hay Imposibles Bachata от Артемия (Точное совпадение)
2025-08-04 12:59:09,065 - __main__ - INFO -   8/211: ✅ Найден - Dj Khalid, Jhonny Evidence - Palomita Voladora Bachata (Точное совпадение)
2025-08-04 12:59:09,695 - __main__ - INFO -   9/211: ✅ Найден - VINNY RIVERA feat. DJ TONY PECINO - RUMBA Bachata Version (Частичное совпадение)
2025-08-04 12:59:10,306 - __main__ - INFO -   10/211: ✅ Найден - Grupo Extra - Lloras (Частичное совпадение)
2025-08-04 12:59:10,915 - __main__ - INFO -   11/211: ✅ Найден - kewin cosmos - 100 feat. Hora (Частичное совпадение)
2025-08-04 12:59:11,479 - __main__ - INFO -   12/211: ✅ Найден - SP Polanco Man Overboard feat. Pinto Picasso BACHATA 20 (Точное совпадение)
2025-08-04 12:59:12,156 - __main__ - INFO -   13/211: ✅ Найден - Aventura - La Novelita (Точное совпадение)
2025-08-04 12:59:12,767 - __main__ - INFO -   14/211: ✅ Найден - Dani J - Gitana (Точное совпадение)
2025-08-04 12:59:13,440 - __main__ - INFO -   15/211: ✅ Найден - Prince Royce feat. Marc Anthony - Adicto (Частичное совпадение)
2025-08-04 12:59:14,031 - __main__ - INFO -   16/211: ✅ Найден - Prince Royce feat. Gente de Zona, Arturo Sandoval - Tumbao (Частичное совпадение)
2025-08-04 12:59:14,614 - __main__ - INFO -   17/211: ✅ Найден - Toby Love - Lejos (Точное совпадение)
2025-08-04 12:59:15,216 - __main__ - INFO -   18/211: ✅ Найден - Tony Dize - Super Heroe (Точное совпадение)
2025-08-04 12:59:15,939 - __main__ - INFO -   19/211: ✅ Найден - DJ Selphi feat. Ciscoguitar & Camilo Bass, Dua Lipa & Angéle Fever (Частичное совпадение)
2025-08-04 12:59:16,637 - __main__ - INFO -   20/211: ✅ Найден - Kewin Cosmos - Solo Quise Quererte (Точное совпадение)
2025-08-04 12:59:17,264 - __main__ - INFO -   21/211: ✅ Найден - Prince Royce - Lotería (Точное совпадение)
2025-08-04 12:59:17,882 - __main__ - INFO -   22/211: ✅ Найден - Prince Royce - Dec. 21 Bachata Version - bachata music (Частичное совпадение)
2025-08-04 12:59:18,500 - __main__ - INFO -   23/211: ✅ Найден - J Salez - Chill Bachata Remix - vk bachata music (Точное совпадение)
2025-08-04 12:59:19,095 - __main__ - INFO -   24/211: ✅ Найден - Reik - Háblame de Ti (Точное совпадение)
2025-08-04 12:59:19,829 - __main__ - INFO -   25/211: ✅ Найден - Prince Royce - El Amor Que Perdimos (Точное совпадение)
2025-08-04 12:59:20,446 - __main__ - INFO -   26/211: ✅ Найден - Romeo Santos - Que Se Mueran (Точное совпадение)
2025-08-04 12:59:21,059 - __main__ - INFO -   27/211: ✅ Найден - Kewin Cosmos - Drama (Точное совпадение)
2025-08-04 12:59:21,782 - __main__ - INFO -   28/211: ✅ Найден - Roman, Mayinbito - Mientele (Частичное совпадение)
2025-08-04 12:59:22,479 - __main__ - INFO -   29/211: ✅ Найден - Roman, Mayinbito - Mientele1 (Частичное совпадение)
2025-08-04 12:59:23,105 - __main__ - INFO -   30/211: ✅ Найден - Pinto Picasso, sP Polanco - El Viejo Oeste (Точное совпадение)
2025-08-04 12:59:23,790 - __main__ - INFO -   31/211: ✅ Найден - Pinto Picasso - Niveles (Точное совпадение)
2025-08-04 12:59:24,328 - __main__ - INFO -   32/211: ✅ Найден - Anthony Ducapo feat. Yazel & Lenin Sampedro - Culpame (Частичное совпадение)
2025-08-04 12:59:24,863 - __main__ - INFO -   33/211: ✅ Найден - Jorge Luteca - Decision Bachata remi feat. Dj León (Частичное совпадение)
2025-08-04 12:59:25,407 - __main__ - INFO -   34/211: ✅ Найден - Jiory - Luna (Точное совпадение)
2025-08-04 12:59:25,997 - __main__ - INFO -   35/211: ✅ Найден - Jr. - Sin Casarme (Точное совпадение)
2025-08-04 12:59:26,570 - __main__ - INFO -   36/211: ✅ Найден - Ephrem J - Cuando Se Acaba el Placer (Точное совпадение)
2025-08-04 12:59:27,165 - __main__ - INFO -   37/211: ✅ Найден - Romeo Santos - Tuyo (Точное совпадение)
2025-08-04 12:59:27,817 - __main__ - INFO -   38/211: ✅ Найден - Grupo Extra, El Tiguere - Como Antes (Частичное совпадение)
2025-08-04 12:59:28,520 - __main__ - INFO -   39/211: ✅ Найден - Mario Baro - Como Dormiste (Частичное совпадение)
2025-08-04 12:59:29,156 - __main__ - INFO -   40/211: ✅ Найден - J Salez, DerekVinci - Mami (Точное совпадение)
2025-08-04 12:59:29,713 - __main__ - INFO -   41/211: ✅ Найден - Raulin Rodriguez - Margarita (Точное совпадение)
2025-08-04 12:59:30,381 - __main__ - INFO -   42/211: ✅ Найден - Felix, sP Polanco - Creeme (Частичное совпадение)
2025-08-04 12:59:31,096 - __main__ - INFO -   43/211: ✅ Найден - Ricky Martin DJ Dimen5ions, DJ Alejandro - Tiburones (Частичное совпадение)
2025-08-04 12:59:31,716 - __main__ - INFO -   44/211: ✅ Найден - Spencer Sutherland DJ Manuel Citro - Into You (Частичное совпадение)
2025-08-04 12:59:32,422 - __main__ - INFO -   45/211: ✅ Найден - Joé Veras - Se Te Nota (Частичное совпадение)
2025-08-04 12:59:33,047 - __main__ - INFO -   46/211: ✅ Найден - Shama, DJ Husky - Insomnio (Точное совпадение)
2025-08-04 12:59:33,606 - __main__ - INFO -   47/211: ✅ Найден - Pinto Picasso, sP Polanco - El Viejo Oeste1 (Точное совпадение)
2025-08-04 12:59:34,496 - __main__ - INFO -   48/211: ✅ Найден - Pinto Picasso - Vanidad (Точное совпадение)
2025-08-04 12:59:35,092 - __main__ - INFO -   49/211: ✅ Найден - Marc Anthony - Punta Cana (Точное совпадение)
2025-08-04 12:59:35,716 - __main__ - INFO -   50/211: ✅ Найден - Jr. - Siempre (Точное совпадение)
2025-08-04 12:59:36,421 - __main__ - INFO -   51/211: ✅ Найден - Dani J, DJ Tronky - Piscina Bachata Version (Частичное совпадение)
2025-08-04 12:59:37,241 - __main__ - INFO -   52/211: ✅ Найден - Jr. - Mala Mana Bachata Version (Частичное совпадение)
2025-08-04 12:59:37,856 - __main__ - INFO -   53/211: ✅ Найден - Marco Puma & Pinto Picasso - Unico Grande Amore (Точное совпадение)
2025-08-04 12:59:38,438 - __main__ - INFO -   54/211: ✅ Найден - Romeo Santos - 7 Días (Точное совпадение)
2025-08-04 12:59:39,082 - __main__ - INFO -   55/211: ✅ Найден - Mayinbito, Jay Ramirez - Confia (Точное совпадение)
2025-08-04 12:59:39,631 - __main__ - INFO -   56/211: ✅ Найден - Jr. - Besame Ahora - Bachata 2016 by vk club sdm - (Частичное совпадение)
2025-08-04 12:59:40,196 - __main__ - INFO -   57/211: ✅ Найден - SP Polanco, Melvin War - El 23 (Точное совпадение)
2025-08-04 12:59:40,932 - __main__ - INFO -   58/211: ✅ Найден - Mr. Don - Miedo (Точное совпадение)
2025-08-04 12:59:41,458 - __main__ - INFO -   59/211: ✅ Найден - Tutto Duran - San Juan (Частичное совпадение)
2025-08-04 12:59:42,026 - __main__ - INFO -   60/211: ✅ Найден - Mario Baro, sP Polanco - Anonimos (Частичное совпадение)
2025-08-04 12:59:42,782 - __main__ - INFO -   61/211: ✅ Найден - Grupo Extra - Bailemos (Точное совпадение)
2025-08-04 12:59:43,501 - __main__ - INFO -   62/211: ✅ Найден - Karlos Rosé - Brindo (Точное совпадение)
2025-08-04 12:59:44,098 - __main__ - INFO -   63/211: ✅ Найден - Prince Royce, Maria Becerra - Te Espero (Частичное совпадение)
2025-08-04 12:59:44,716 - __main__ - INFO -   64/211: ✅ Найден - Ken - Y - Como Lo Hacia Yo Dj York Dj Manuel Citro bachata (Частичное совпадение)
2025-08-04 12:59:45,332 - __main__ - INFO -   65/211: ✅ Найден - Kewin Cosmos - Solo Quise Quererte1 (Точное совпадение)
2025-08-04 12:59:45,943 - __main__ - INFO -   66/211: ✅ Найден - Dani J, Kewin Cosmos - Mentiras (Точное совпадение)
2025-08-04 12:59:46,529 - __main__ - INFO -   67/211: ✅ Найден - SP Polanco feat. Karlos Rosé - Entre Los Dos (Точное совпадение)
2025-08-04 12:59:47,198 - __main__ - INFO -   68/211: ✅ Найден - Nandy Versatil - La Chucky Bachata Version (Частичное совпадение)
2025-08-04 12:59:47,741 - __main__ - INFO -   69/211: ✅ Найден - Mayinbito - Crème De La Crème (Точное совпадение)
2025-08-04 12:59:48,295 - __main__ - INFO -   70/211: ✅ Найден - Pinto Picasso, Mayinbito - Vibras (Точное совпадение)
2025-08-04 12:59:48,855 - __main__ - INFO -   71/211: ✅ Найден - DJ Manuel Citro feat. DJ Dimen5ions When We Bachata Version (Частичное совпадение)
2025-08-04 12:59:49,441 - __main__ - INFO -   72/211: ✅ Найден - SONCE, Mayinbito - En Los Pasillos (Точное совпадение)
2025-08-04 12:59:50,048 - __main__ - INFO -   73/211: ✅ Найден - SP Polanco, Dama - Te amo en silencio (Точное совпадение)
2025-08-04 12:59:50,756 - __main__ - INFO -   74/211: ✅ Найден - 24 Horas - Nunca Me Amaste (Точное совпадение)
2025-08-04 12:59:51,382 - __main__ - INFO -   75/211: ✅ Найден - 24 Horas - Por Favor (Точное совпадение)
2025-08-04 12:59:52,193 - __main__ - INFO -   76/211: ✅ Найден - Dani J - Me Derrumbo (Точное совпадение)
2025-08-04 12:59:52,739 - __main__ - INFO -   77/211: ✅ Найден - Dani J - Todo de Mi (Точное совпадение)
2025-08-04 12:59:53,425 - __main__ - INFO -   78/211: ✅ Найден - Grupo Extra - Olvidarte (Точное совпадение)
2025-08-04 12:59:54,040 - __main__ - INFO -   79/211: ✅ Найден - Joel Santos - Al Diablo (Точное совпадение)
2025-08-04 12:59:54,676 - __main__ - INFO -   80/211: ✅ Найден - Jr. - Fabricacion (Точное совпадение)
2025-08-04 12:59:55,373 - __main__ - INFO -   81/211: ✅ Найден - Jr. - feat. Amada (Частичное совпадение)
2025-08-04 12:59:56,082 - __main__ - INFO -   82/211: ✅ Найден - Karlos Rosé - Just The Way You Are (Точное совпадение)
2025-08-04 12:59:56,787 - __main__ - INFO -   83/211: ✅ Найден - Kewin Cosmos - Evidencias (Точное совпадение)
2025-08-04 12:59:57,415 - __main__ - INFO -   84/211: ✅ Найден - Mr. Don - Bienvenido a Cupido 2021 (Точное совпадение)
2025-08-04 12:59:58,133 - __main__ - INFO -   85/211: ✅ Найден - Prince Royce - Te Necesito (Точное совпадение)
2025-08-04 12:59:58,749 - __main__ - INFO -   86/211: ✅ Найден - Prince Royce - Si Supieras (Точное совпадение)
2025-08-04 12:59:59,367 - __main__ - INFO -   87/211: ✅ Найден - Raulin Rodriguez - Esta Noche (Точное совпадение)
2025-08-04 12:59:59,982 - __main__ - INFO -   88/211: ✅ Найден - Romeo Santos feat. Ozuna - Sobredosis (Частичное совпадение)
2025-08-04 13:00:00,707 - __main__ - INFO -   89/211: ✅ Найден - Ricky Martin DJ Manuel Citro - Mátame Otra Vez (Частичное совпадение)
2025-08-04 13:00:01,331 - __main__ - INFO -   90/211: ✅ Найден - Natti Natasha feat. Romeo Santos - La mejor versión de mi (Частичное совпадение)
2025-08-04 13:00:01,912 - __main__ - INFO -   91/211: ✅ Найден - Romeo Santos - 7 Días1 (Точное совпадение)
2025-08-04 13:00:02,533 - __main__ - INFO -   92/211: ✅ Найден - Romeo Santos, El Chaval de la Bachata - Canalla (Точное совпадение)
2025-08-04 13:00:03,101 - __main__ - INFO -   93/211: ✅ Найден - Toby Love - Lejos1 (Точное совпадение)
2025-08-04 13:00:03,771 - __main__ - INFO -   94/211: ✅ Найден - Tony Dize - Super Heroe1 (Точное совпадение)
2025-08-04 13:00:04,370 - __main__ - INFO -   95/211: ✅ Найден - Tutto Duran - Santa De Mi Devoción Bachata Version (Частичное совпадение)
2025-08-04 13:00:04,995 - __main__ - INFO -   96/211: ✅ Найден - DJ Jeremie & Maluma feat. Lenny Tavárez, Justin Quiles Parce Bachata (Частичное совпадение)
2025-08-04 13:00:05,593 - __main__ - INFO -   97/211: ✅ Найден - Wilven Bello feat. Ma feat. Agende, Lenmelody - Ultima Botella (Точное совпадение)
2025-08-04 13:00:06,228 - __main__ - INFO -   98/211: ✅ Найден - Dani J, DJ Husky - Negro Mate (Точное совпадение)
2025-08-04 13:00:07,099 - __main__ - INFO -   99/211: ✅ Найден - Mr. Don feat. DerekVinci - Mariposas Bachata Version (Точное совпадение)
2025-08-04 13:00:07,758 - __main__ - INFO -   100/211: ✅ Найден - Pinto Picasso - Esencia (Частичное совпадение)
2025-08-04 13:00:08,498 - __main__ - INFO -   101/211: ✅ Найден - Prince Royce - Solita (Точное совпадение)
2025-08-04 13:00:09,066 - __main__ - INFO -   102/211: ✅ Найден - Pinto Picasso, sP Polanco - Ahi Va (Частичное совпадение)
2025-08-04 13:00:10,106 - __main__ - INFO -   103/211: ✅ Найден - Charlie Puth - River Bachata Remi feat. by DJ Nassos B (Точное совпадение)
2025-08-04 13:00:10,816 - __main__ - INFO -   104/211: ✅ Найден - Romeo Santos - Bebo (Точное совпадение)
2025-08-04 13:00:11,482 - __main__ - INFO -   105/211: ✅ Найден - Ronny Dae - Lo Que Diga la Gente (Точное совпадение)
2025-08-04 13:00:12,082 - __main__ - INFO -   106/211: ✅ Найден - Mickey Then, JR - Por Que Te Niegas (Точное совпадение)
2025-08-04 13:00:12,697 - __main__ - INFO -   107/211: ✅ Найден - Dani J - 7 Pecados Bachata Version (Точное совпадение)
2025-08-04 13:00:13,299 - __main__ - INFO -   108/211: ✅ Найден - Mayinbito - Vida (Точное совпадение)
2025-08-04 13:00:13,935 - __main__ - INFO -   109/211: ✅ Найден - Prince Royce - No Te Vayas (Точное совпадение)
2025-08-04 13:00:14,517 - __main__ - INFO -   110/211: ✅ Найден - Mario Baro feat. Jensen - Neptuno Bachata Version (Точное совпадение)
2025-08-04 13:00:15,074 - __main__ - INFO -   111/211: ✅ Найден - Dani J - Seven Bachata Version (Точное совпадение)
2025-08-04 13:00:15,781 - __main__ - INFO -   112/211: ✅ Найден - Kiko Rodrigues - Recuerdo Tus Ojos (Частичное совпадение)
2025-08-04 13:00:16,362 - __main__ - INFO -   113/211: ✅ Найден - Pinto Picasso - Feeling Something (Точное совпадение)
2025-08-04 13:00:16,973 - __main__ - INFO -   114/211: ✅ Найден - Loukas - Olvidate (Точное совпадение)
2025-08-04 13:00:17,508 - __main__ - INFO -   115/211: ✅ Найден - Mayinbito - Cerremos Ese Capítulo (Точное совпадение)
2025-08-04 13:00:18,060 - __main__ - INFO -   116/211: ✅ Найден - Pinto Picasso - Que Pena (Точное совпадение)
2025-08-04 13:00:18,818 - __main__ - INFO -   117/211: ✅ Найден - Romeo Santos - Amigo (Точное совпадение)
2025-08-04 13:00:19,430 - __main__ - INFO -   118/211: ✅ Найден - Grupo Frontera, Romeo Santos - ÁNGEL (Точное совпадение)
2025-08-04 13:00:20,045 - __main__ - INFO -   119/211: ✅ Найден - Sebas Garreta, DJ Dave Aguilar - Se Fue (Частичное совпадение)
2025-08-04 13:00:20,661 - __main__ - INFO -   120/211: ✅ Найден - Karlos Rosé - No Dejo De Amarte (Точное совпадение)
2025-08-04 13:00:21,273 - __main__ - INFO -   121/211: ✅ Найден - Karlos Rose, Esme - Doble Vida (Точное совпадение)
2025-08-04 13:00:21,894 - __main__ - INFO -   122/211: ✅ Найден - Jr. - Siempre1 (Точное совпадение)
2025-08-04 13:00:22,529 - __main__ - INFO -   123/211: ✅ Найден - Romeo Santos, Joe Veras - Amor Enterrado (Точное совпадение)
2025-08-04 13:00:23,114 - __main__ - INFO -   124/211: ✅ Найден - Kewin Cosmos - No Hay Vato Perfecto Bachata Version (Точное совпадение)
2025-08-04 13:00:23,660 - __main__ - INFO -   125/211: ✅ Найден - Esme - Maestria En Bachatera (Точное совпадение)
2025-08-04 13:00:24,283 - __main__ - INFO -   126/211: ✅ Найден - Dani J, Kewin Cosmos - Rosas (Точное совпадение)
2025-08-04 13:00:24,895 - __main__ - INFO -   127/211: ✅ Найден - Jalil Lopez - La Culpable (Точное совпадение)
2025-08-04 13:00:25,481 - __main__ - INFO -   128/211: ✅ Найден - Akai Rojas - Esperaré (Точное совпадение)
2025-08-04 13:00:26,209 - __main__ - INFO -   129/211: ✅ Найден - Jiory, DJ Nico - El Efecto (Точное совпадение)
2025-08-04 13:00:26,859 - __main__ - INFO -   130/211: ✅ Найден - Ari Xo - Genio Atrapado (Точное совпадение)
2025-08-04 13:00:27,520 - __main__ - INFO -   131/211: ✅ Найден - Jaudy - Angel Trapchata (Частичное совпадение)
2025-08-04 13:00:28,081 - __main__ - INFO -   132/211: ✅ Найден - Tutto Durán - Labios Rojos Bachata (Частичное совпадение)
2025-08-04 13:00:28,760 - __main__ - INFO -   133/211: ✅ Найден - Pinto Picasso, sP Polanco - Vicio (Точное совпадение)
2025-08-04 13:00:29,461 - __main__ - INFO -   134/211: ✅ Найден - Esme - Bailamos (Точное совпадение)
2025-08-04 13:00:30,080 - __main__ - INFO -   135/211: ✅ Найден - Jiory - Mi Historia Entre Tus Dedos (Точное совпадение)
2025-08-04 13:00:30,694 - __main__ - INFO -   136/211: ✅ Найден - DJ Husky - Adrenalina (Точное совпадение)
2025-08-04 13:00:31,285 - __main__ - INFO -   137/211: ✅ Найден - Román & BL Araya - Mi Refe Bachata Version (Частичное совпадение)
2025-08-04 13:00:31,925 - __main__ - INFO -   138/211: ✅ Найден - Super Joell, sP Polanco - Proceso (Точное совпадение)
2025-08-04 13:00:32,633 - __main__ - INFO -   139/211: ✅ Найден - Mayinbito - Crème De La Crème1 (Точное совпадение)
2025-08-04 13:00:33,253 - __main__ - INFO -   140/211: ✅ Найден - Dj Husky, Charles Luis & Dj Pablo G - DRAMA (Точное совпадение)
2025-08-04 13:00:33,851 - __main__ - INFO -   141/211: ✅ Найден - Dani J, Marco Puma - Buenas Noches Mi Amor (Точное совпадение)
2025-08-04 13:00:34,543 - __main__ - INFO -   142/211: ✅ Найден - Jean, Alex, sP Polanco - Luna De Crucero (Точное совпадение)
2025-08-04 13:00:35,229 - __main__ - INFO -   143/211: ✅ Найден - Sebas Garreta, sP Polanco - Me Preguntaron Por Ti (Точное совпадение)
2025-08-04 13:00:35,918 - __main__ - INFO -   144/211: ✅ Найден - Sebas Garreta, Pinto Picasso - Dilema (Точное совпадение)
2025-08-04 13:00:36,635 - __main__ - INFO -   145/211: ✅ Найден - Chris Paradise - Bacana Bacana (Точное совпадение)
2025-08-04 13:00:37,228 - __main__ - INFO -   146/211: ✅ Найден - Toby Love feat. Bachata Heightz, Kewin Cosmos - Reflejo (Точное совпадение)
2025-08-04 13:00:37,862 - __main__ - INFO -   147/211: ✅ Найден - Kewin Cosmos - Elige (Точное совпадение)
2025-08-04 13:00:38,447 - __main__ - INFO -   148/211: ✅ Найден - Mario Baro & Pinto Picasso - Cosmos (Точное совпадение)
2025-08-04 13:00:38,999 - __main__ - INFO -   149/211: ✅ Найден - Jr. - Sentir (Точное совпадение)
2025-08-04 13:00:39,716 - __main__ - INFO -   150/211: ✅ Найден - Vinny Rivera, Dj Tony Pecino - Rumba (Частичное совпадение)
2025-08-04 13:00:40,726 - __main__ - INFO -   151/211: ✅ Найден - Dani J, Kewin Cosmos - Rosas1 (Точное совпадение)
2025-08-04 13:00:41,270 - __main__ - INFO -   152/211: ✅ Найден - HENRY SANTOS, Luis Vargas - Una Mentirita (Точное совпадение)
2025-08-04 13:00:41,881 - __main__ - INFO -   153/211: ✅ Найден - Kewin Cosmos - Dile (Точное совпадение)
2025-08-04 13:00:42,496 - __main__ - INFO -   154/211: ✅ Найден - Bazzi DJ Tronky - Beautiful (Частичное совпадение)
2025-08-04 13:00:43,121 - __main__ - INFO -   155/211: ✅ Найден - Pinto Picasso, Dani J - Millonario (Точное совпадение)
2025-08-04 13:00:43,680 - __main__ - INFO -   156/211: ✅ Найден - Pinto Picasso - Niveles1 (Точное совпадение)
2025-08-04 13:00:44,312 - __main__ - INFO -   157/211: ✅ Найден - Pinto Picasso, sP Polanco - No Me Toca (Точное совпадение)
2025-08-04 13:00:44,842 - __main__ - INFO -   158/211: ✅ Найден - Dani J, Pinto Picasso - Entre La Espada Y La Pared (Точное совпадение)
2025-08-04 13:00:45,375 - __main__ - INFO -   159/211: ✅ Найден - Féli feat. Cumbé - FUI FUA (Частичное совпадение)
2025-08-04 13:00:45,930 - __main__ - INFO -   160/211: ✅ Найден - Marco Puma, Jensen, sP Polanco - Casualidades (Точное совпадение)
2025-08-04 13:00:46,775 - __main__ - INFO -   161/211: ✅ Найден - Pinto Picasso, Sebas Garreta - Aceptalo (Частичное совпадение)
2025-08-04 13:00:47,492 - __main__ - INFO -   162/211: ✅ Найден - Sebas Garreta, DJ Dave Aguilar - Tu Silueta (Частичное совпадение)
2025-08-04 13:00:48,084 - __main__ - INFO -   163/211: ✅ Найден - Jensen - Perder El Tiempo (Точное совпадение)
2025-08-04 13:00:48,734 - __main__ - INFO -   164/211: ✅ Найден - Esme - El Vestido (Точное совпадение)
2025-08-04 13:00:49,312 - __main__ - INFO -   165/211: ✅ Найден - Marco Puma, DJ Manuel Citro - Ella (Частичное совпадение)
2025-08-04 13:00:49,893 - __main__ - INFO -   166/211: ✅ Найден - Mario Baro, sP Polanco - Anonimos1 (Частичное совпадение)
2025-08-04 13:00:50,463 - __main__ - INFO -   167/211: ✅ Найден - Pinto Picasso, sP Polanco - No Me Toca1 (Точное совпадение)
2025-08-04 13:00:51,098 - __main__ - INFO -   168/211: ✅ Найден - Super Joell, sP Polanco - Proceso1 (Точное совпадение)
2025-08-04 13:00:51,741 - __main__ - INFO -   169/211: ✅ Найден - Dama, sP Polanco - Te Amo En Silencio (Точное совпадение)
2025-08-04 13:00:52,317 - __main__ - INFO -   170/211: ✅ Найден - Dani J, Dj Dimen5ions, DJ Alejandro - Ley de Gravedad (Точное совпадение)
2025-08-04 13:00:52,917 - __main__ - INFO -   171/211: ✅ Найден - Dani J - Entre Tú y Mil Mares (Точное совпадение)
2025-08-04 13:00:53,491 - __main__ - INFO -   172/211: ✅ Найден - JFab & Paola Fabre, Voz A Voz - Criminal (Частичное совпадение)
2025-08-04 13:00:54,024 - __main__ - INFO -   173/211: ✅ Найден - JFab & Paola Fabre - Lo Peor Bachata Version (Точное совпадение)
2025-08-04 13:00:54,586 - __main__ - INFO -   174/211: ✅ Найден - Kewin Cosmos - Déjame Tenerte (Точное совпадение)
2025-08-04 13:00:55,159 - __main__ - INFO -   175/211: ✅ Найден - Akai Rojas, DJ Tony Pecino - El Corazon Duele (Частичное совпадение)
2025-08-04 13:00:55,748 - __main__ - INFO -   176/211: ✅ Найден - Alejandra Feliz, Jay Ramirez - Seis Nueve (Точное совпадение)
2025-08-04 13:00:56,398 - __main__ - INFO -   177/211: ✅ Найден - Aventura - Su Veneno (Точное совпадение)
2025-08-04 13:00:56,980 - __main__ - INFO -   178/211: ✅ Найден - Break Out The Crazy, Mayinbito - Notas (Частичное совпадение)
2025-08-04 13:00:57,579 - __main__ - INFO -   179/211: ✅ Найден - DJ Clau & Magali Fernandez - Miénteme Bachata Version (Частичное совпадение)
2025-08-04 13:00:58,223 - __main__ - INFO -   180/211: ✅ Найден - JFab & Paola Fabre - Dame un chance (Точное совпадение)
2025-08-04 13:00:58,762 - __main__ - INFO -   181/211: ✅ Найден - Jr. - Amarte Sin Amarte (Точное совпадение)
2025-08-04 13:00:59,373 - __main__ - INFO -   182/211: ✅ Найден - Jhonny Evidence feat. DerekVinci - La Pastilla Bachata Version (Точное совпадение)
2025-08-04 13:00:59,990 - __main__ - INFO -   183/211: ✅ Найден - Wilven Bello It's Will - El Delincuente (Частичное совпадение)
2025-08-04 13:01:00,563 - __main__ - INFO -   184/211: ✅ Найден - Yoskar Sarante - La Noche (Частичное совпадение)
2025-08-04 13:01:01,088 - __main__ - INFO -   185/211: ✅ Найден - Prince Royce - Me EnRD (Точное совпадение)
2025-08-04 13:01:01,662 - __main__ - INFO -   186/211: ✅ Найден - Kiko Rodriguez - Sombras de un Pasado (Частичное совпадение)
2025-08-04 13:01:02,278 - __main__ - INFO -   187/211: ✅ Найден - Dani J - Favorito (Точное совпадение)
2025-08-04 13:01:02,861 - __main__ - INFO -   188/211: ✅ Найден - Jr. - Sentir1 (Частичное совпадение)
2025-08-04 13:01:03,399 - __main__ - INFO -   189/211: ✅ Найден - Frank Reyes - Tu Eres Ajena (Точное совпадение)
2025-08-04 13:01:04,008 - __main__ - INFO -   190/211: ✅ Найден - Jhonny Evidence, Marco Puma - Desnuda (Точное совпадение)
2025-08-04 13:01:04,702 - __main__ - INFO -   191/211: ✅ Найден - JR - Otro Te Besa (Точное совпадение)
2025-08-04 13:01:05,415 - __main__ - INFO -   192/211: ✅ Найден - El Gualdia - Tinga (Точное совпадение)
2025-08-04 13:01:06,003 - __main__ - INFO -   193/211: ✅ Найден - Dani J feat. Dj Khalid - Pedacitos De Ti Bachata Remix (Точное совпадение)
2025-08-04 13:01:06,642 - __main__ - INFO -   194/211: ✅ Найден - Grupo Extra - Lloras1 (Частичное совпадение)
2025-08-04 13:01:07,247 - __main__ - INFO -   195/211: ✅ Найден - Clean Bandit Madilyn B cover Rockabye DJ Selphi bachata remi feat. ft (Частичное совпадение)
2025-08-04 13:01:07,847 - __main__ - INFO -   196/211: ✅ Найден - Grupo Extra - Me Emborrachare (Частичное совпадение)
2025-08-04 13:01:08,489 - __main__ - INFO -   197/211: ✅ Найден - Charlie Puth - Attention Bachata remix (Точное совпадение)
2025-08-04 13:01:09,198 - __main__ - INFO -   198/211: ✅ Найден - Jr. - Tesoro (Точное совпадение)
2025-08-04 13:01:09,813 - __main__ - INFO -   199/211: ✅ Найден - Ralphy Dreamz feat. SP Polanco - Energia (Частичное совпадение)
2025-08-04 13:01:10,508 - __main__ - INFO -   200/211: ✅ Найден - Nati Hen & DJ Alejandro - Cuando te bese Bachata (Точное совпадение)
2025-08-04 13:01:11,243 - __main__ - INFO -   201/211: ✅ Найден - Osmani García feat. Nayer Cada vez que despiertes DJ Alejandro Bachata (Точное совпадение)
2025-08-04 13:01:11,885 - __main__ - INFO -   202/211: ✅ Найден - Romeo Santos, Frank Reyes - Payasos (Точное совпадение)
2025-08-04 13:01:12,585 - __main__ - INFO -   203/211: ✅ Найден - Dj Manuel Citro - Qué Pena Bachata Remix 2019 (Частичное совпадение)
2025-08-04 13:01:13,184 - __main__ - INFO -   204/211: ✅ Найден - DJ Sasha Eslami - Ice Box (Частичное совпадение)
2025-08-04 13:01:13,779 - __main__ - INFO -   205/211: ✅ Найден - Dani J feat. Sanco - Hasta Cuándo (Точное совпадение)
2025-08-04 13:01:14,377 - __main__ - INFO -   206/211: ✅ Найден - Prince Royce - La Carretera 2016 bachata.club (Точное совпадение)
2025-08-04 13:01:15,012 - __main__ - INFO -   207/211: ✅ Найден - Circharles - Te Vas OGJAY05 Bachata Remi feat. 2017 (Точное совпадение)
2025-08-04 13:01:15,660 - __main__ - INFO -   208/211: ✅ Найден - Dj Tony Karen Mendez feat. Juacko version bachata Dj DoodlEZ Te Bote (Частичное совпадение)
2025-08-04 13:01:16,266 - __main__ - INFO -   209/211: ✅ Найден - Manny Rod - Que Va Bachata2o17 (Точное совпадение)
2025-08-04 13:01:16,799 - __main__ - INFO -   210/211: ✅ Найден - Rey John - Por Un Poco De Tu Amor (Точное совпадение)
2025-08-04 13:01:17,604 - __main__ - INFO -   211/211: ✅ Найден - Play - list VIII этапа Кубка Федерации, который состоится 02 Августа в г. Тула (Частичное совпадение)
2025-08-04 13:01:17,762 - __main__ - INFO - 
🎯 Найдено: 211/211
2025-08-04 13:01:17,778 - __main__ - INFO - 
🚀 Создание плейлиста...
2025-08-04 13:01:18,065 - __main__ - INFO - Создан плейлист: Test1
2025-08-04 13:01:18,110 - __main__ - INFO - 
📤 Добавление 211 треков...
2025-08-04 13:01:44,324 - __main__ - INFO - 
🎉 Готово! Плейлист создан.
